# JRE version: Java(TM) SE Runtime Environment (21.0.5+9) (build 21.0.5+9-LTS-239)
# Java VM: Java HotSpot(TM) 64-Bit Server VM (21.0.5+9-LTS-239, mixed mode, emulated-client, tiered, compressed oops, compressed class ptrs, g1 gc, windows-amd64)
GC Precious Log:
 CardTable entry size: 512
 Card Set container configuration: InlinePtr #cards 5 size 8 Array Of Cards #cards 12 size 40 Howl #buckets 4 coarsen threshold 1843 Howl Bitmap #cards 512 size 80 coarsen threshold 460 Card regions per heap region 1 cards per card region 2048
 CPUs: 8 total, 8 available
 Memory: 5989M
 Large Page Support: Disabled
 NUMA Support: Disabled
 Compressed Oops: Enabled (32-bit)
 Heap Region Size: 1M
 Heap Min Capacity: 8M
 Heap Initial Capacity: 94M
 Heap Max Capacity: 1498M
 Pre-touch: Disabled
 Parallel Workers: 8
 Concurrent Workers: 2
 Concurrent Refinement Workers: 8
 Periodic GC: Disabled
Heap:
 garbage-first heap   total 45056K, used 25345K [0x00000000a2600000, 0x0000000100000000)
  region size 1024K, 10 young (10240K), 3 survivors (3072K)
 Metaspace       used 39055K, committed 39488K, reserved 1114112K
  class space    used 4798K, committed 4992K, reserved 1048576K
GC Heap History (14 events):
Event: 17.150 GC heap before
{Heap before GC invocations=0 (full 0):
 garbage-first heap   total 96256K, used 25600K [0x00000000a2600000, 0x0000000100000000)
  region size 1024K, 23 young (23552K), 0 survivors (0K)
 Metaspace       used 16289K, committed 16640K, reserved 1114112K
  class space    used 1606K, committed 1792K, reserved 1048576K
}
Event: 17.161 GC heap after
{Heap after GC invocations=1 (full 0):
 garbage-first heap   total 96256K, used 9033K [0x00000000a2600000, 0x0000000100000000)
  region size 1024K, 3 young (3072K), 3 survivors (3072K)
 Metaspace       used 16289K, committed 16640K, reserved 1114112K
  class space    used 1606K, committed 1792K, reserved 1048576K
}
Event: 22.958 GC heap before
{Heap before GC invocations=1 (full 0):
 garbage-first heap   total 96256K, used 27465K [0x00000000a2600000, 0x0000000100000000)
  region size 1024K, 22 young (22528K), 3 survivors (3072K)
 Metaspace       used 21168K, committed 21504K, reserved 1114112K
  class space    used 2297K, committed 2432K, reserved 1048576K
}
Event: 23.044 GC heap after
{Heap after GC invocations=2 (full 0):
 garbage-first heap   total 96256K, used 10632K [0x00000000a2600000, 0x0000000100000000)
  region size 1024K, 2 young (2048K), 2 survivors (2048K)
 Metaspace       used 21168K, committed 21504K, reserved 1114112K
  class space    used 2297K, committed 2432K, reserved 1048576K
}
Event: 24.859 GC heap before
{Heap before GC invocations=3 (full 0):
 garbage-first heap   total 45056K, used 34184K [0x00000000a2600000, 0x0000000100000000)
  region size 1024K, 26 young (26624K), 2 survivors (2048K)
 Metaspace       used 25970K, committed 26304K, reserved 1114112K
  class space    used 3100K, committed 3264K, reserved 1048576K
}
Event: 24.863 GC heap after
{Heap after GC invocations=4 (full 0):
 garbage-first heap   total 45056K, used 12266K [0x00000000a2600000, 0x0000000100000000)
  region size 1024K, 3 young (3072K), 3 survivors (3072K)
 Metaspace       used 25970K, committed 26304K, reserved 1114112K
  class space    used 3100K, committed 3264K, reserved 1048576K
}
Event: 26.278 GC heap before
{Heap before GC invocations=4 (full 0):
 garbage-first heap   total 45056K, used 30698K [0x00000000a2600000, 0x0000000100000000)
  region size 1024K, 22 young (22528K), 3 survivors (3072K)
 Metaspace       used 30541K, committed 30976K, reserved 1114112K
  class space    used 3606K, committed 3840K, reserved 1048576K
}
Event: 26.284 GC heap after
{Heap after GC invocations=5 (full 0):
 garbage-first heap   total 45056K, used 13939K [0x00000000a2600000, 0x0000000100000000)
  region size 1024K, 2 young (2048K), 2 survivors (2048K)
 Metaspace       used 30541K, committed 30976K, reserved 1114112K
  class space    used 3606K, committed 3840K, reserved 1048576K
}
Event: 28.033 GC heap before
{Heap before GC invocations=5 (full 0):
 garbage-first heap   total 45056K, used 32371K [0x00000000a2600000, 0x0000000100000000)
  region size 1024K, 21 young (21504K), 2 survivors (2048K)
 Metaspace       used 33981K, committed 34432K, reserved 1114112K
  class space    used 4077K, committed 4288K, reserved 1048576K
}
Event: 28.037 GC heap after
{Heap after GC invocations=6 (full 0):
 garbage-first heap   total 45056K, used 16014K [0x00000000a2600000, 0x0000000100000000)
  region size 1024K, 2 young (2048K), 2 survivors (2048K)
 Metaspace       used 33981K, committed 34432K, reserved 1114112K
  class space    used 4077K, committed 4288K, reserved 1048576K
}
Event: 29.405 GC heap before
{Heap before GC invocations=6 (full 0):
 garbage-first heap   total 45056K, used 31374K [0x00000000a2600000, 0x0000000100000000)
  region size 1024K, 18 young (18432K), 2 survivors (2048K)
 Metaspace       used 35597K, committed 35968K, reserved 1114112K
  class space    used 4300K, committed 4480K, reserved 1048576K
}
Event: 29.410 GC heap after
{Heap after GC invocations=7 (full 0):
 garbage-first heap   total 45056K, used 17626K [0x00000000a2600000, 0x0000000100000000)
  region size 1024K, 2 young (2048K), 2 survivors (2048K)
 Metaspace       used 35597K, committed 35968K, reserved 1114112K
  class space    used 4300K, committed 4480K, reserved 1048576K
}
Event: 30.360 GC heap before
{Heap before GC invocations=8 (full 0):
 garbage-first heap   total 45056K, used 36058K [0x00000000a2600000, 0x0000000100000000)
  region size 1024K, 20 young (20480K), 2 survivors (2048K)
 Metaspace       used 38214K, committed 38592K, reserved 1114112K
  class space    used 4690K, committed 4864K, reserved 1048576K
}
Event: 30.366 GC heap after
{Heap after GC invocations=9 (full 0):
 garbage-first heap   total 45056K, used 19201K [0x00000000a2600000, 0x0000000100000000)
  region size 1024K, 3 young (3072K), 3 survivors (3072K)
 Metaspace       used 38214K, committed 38592K, reserved 1114112K
  class space    used 4690K, committed 4864K, reserved 1048576K
}

